#
# A fatal error has been detected by the Java Runtime Environment:
#
#  SIGSEGV (0xb) at pc=0x000000011d7453fd, pid=5125, tid=1811
#
# JRE version: Java(TM) SE Runtime Environment (8.0_25-b17) (build 1.8.0_25-b17)
# Java VM: Java HotSpot(TM) 64-Bit Server VM (25.25-b02 mixed mode bsd-amd64 compressed oops)
# Problematic frame:
# C  [libglass.dylib+0x163fd]  GlassScreenDidChangeScreenParameters+0x9d
#
# Failed to write core dump. Core dumps have been disabled. To enable core dumping, try "ulimit -c unlimited" before starting Java again
#
# If you would like to submit a bug report, please visit:
#   http://bugreport.sun.com/bugreport/crash.jsp
#

---------------  T H R E A D  ---------------

Current thread is native thread

siginfo: si_signo: 11 (SIGSEGV), si_code: 1 (SEGV_MAPERR), si_addr: 0x0000000000000000

Registers:
RAX=0x000000011d777e40, RBX=0x0000000000000000, RCX=0xb2000c3755a4d141, RDX=0x00007ff7cd30d960
RSP=0x00007fff5c39d120, RBP=0x00007fff5c39d130, RSI=0x00007ff7caf00d58, RDI=0x0000000000000000
R8 =0x00007fff5c39cfd0, R9 =0x00007fff781ee300, R10=0x0000000000000000, R11=0x0000000000000246
R12=0x00007ff7cac2e1c0, R13=0x00000000000f4268, R14=0x00007ff7caf81370, R15=0x00007fff5c39d270
RIP=0x000000011d7453fd, EFLAGS=0x0000000000010206, ERR=0x0000000000000004
  TRAPNO=0x000000000000000e

Top of Stack: (sp=0x00007fff5c39d120)
0x00007fff5c39d120:   00007fff5c39d300 00007ff7caf81370
0x00007fff5c39d130:   00007fff5c39d140 00007fff909efcbc
0x00007fff5c39d140:   00007fff5c39d4a0 00007fff908e11b4
0x00007fff5c39d150:   00007ff700000200 0000000000000000
0x00007fff5c39d160:   00007ff7cad00000 00007ff7cadfc080
0x00007fff5c39d170:   0000000000001000 0000000000000900
0x00007fff5c39d180:   0000000000000006 00007ff7caf81370
0x00007fff5c39d190:   0000000000000000 00007fff5c39d270
0x00007fff5c39d1a0:   0000000000000000 00007ff7caf81330
0x00007fff5c39d1b0:   00007fff5c39d2f0 0000000000000060
0x00007fff5c39d1c0:   00000000000f4311 00007ff7cadf7a00
0x00007fff5c39d1d0:   00007ff7caf4b6c0 00007ff7cac2e1c0
0x00007fff5c39d1e0:   0000000000000001 00000000000f4268
0x00007fff5c39d1f0:   00007ff7cac2e1b0 00007fff8efb6acb
0x00007fff5c39d200:   0000000000000001 0000000000000001
0x00007fff5c39d210:   0000000000000030 0000000000000001
0x00007fff5c39d220:   00007fff5c39d240 00007fff8efbc231
0x00007fff5c39d230:   00007fff79690dd0 0000000000000000
0x00007fff5c39d240:   00007fff5c39d260 0000000000000015
0x00007fff5c39d250:   0002dd0300000000 00007ff7cac2e1e4
0x00007fff5c39d260:   0000000000000000 00007fff908d6c8f
0x00007fff5c39d270:   00007ff7caf81370 00007fff79690dd0
0x00007fff5c39d280:   00007fff5c39d300 0000000000000002
0x00007fff5c39d290:   00007fff5c39d2d0 00007fff8efb653e
0x00007fff5c39d2a0:   000000010387da00 0000000000000002
0x00007fff5c39d2b0:   000000010387a000 00007ff7cd50d012
0x00007fff5c39d2c0:   0000000000000003 000000010387da00
0x00007fff5c39d2d0:   00007fff5c39d3c0 00007fff8efb52a2
0x00007fff5c39d2e0:   00007ff7cae18f00 00007fff5c39d4a8
0x00007fff5c39d2f0:   0000000000000017 0000000000000000
0x00007fff5c39d300:   00000000000f4268 00007fff908d6f83
0x00007fff5c39d310:   00007fff00000000 00007ff7caf4f730 

Instructions: (pc=0x000000011d7453fd)
0x000000011d7453dd:   89 df 4c 89 f1 41 ff 90 68 04 00 00 48 8d 05 58
0x000000011d7453ed:   29 03 00 48 8b 30 48 8d 05 46 2a 03 00 48 8b 10
0x000000011d7453fd:   48 8b 0b 30 c0 48 89 df ff 91 68 04 00 00 48 8b
0x000000011d74540d:   03 48 89 df ff 50 78 48 85 c0 74 36 49 89 c6 48 

Register to memory mapping:

RAX=0x000000011d777e40: jScreenNotifySettingsChanged+0 in /Library/Java/JavaVirtualMachines/jdk1.8.0_25.jdk/Contents/Home/jre/lib/libglass.dylib at 0x000000011d72f000
RBX=0x0000000000000000 is an unknown value
RCX=0xb2000c3755a4d141 is an unknown value
RDX=0x00007ff7cd30d960 is an unknown value
RSP=0x00007fff5c39d120 is an unknown value
RBP=0x00007fff5c39d130 is an unknown value
RSI=0x00007ff7caf00d58 is a global jni handle
RDI=0x0000000000000000 is an unknown value
R8 =0x00007fff5c39cfd0 is an unknown value
R9 =0x00007fff781ee300: _thread+0 in /usr/lib/system/libsystem_pthread.dylib at 0x00007fff8875d000
R10=0x0000000000000000 is an unknown value
R11=0x0000000000000246 is an unknown value
R12=0x00007ff7cac2e1c0 is an unknown value
R13=0x00000000000f4268 is an unknown value
R14=0x00007ff7caf81370 is an unknown value
R15=0x00007fff5c39d270 is an unknown value


Stack: [0x00007fff5bba0000,0x00007fff5c3a0000],  sp=0x00007fff5c39d120,  free space=8180k
Native frames: (J=compiled Java code, j=interpreted, Vv=VM code, C=native code)
C  [libglass.dylib+0x163fd]  GlassScreenDidChangeScreenParameters+0x9d
C  [CoreFoundation+0x11ecbc]  __CFNOTIFICATIONCENTER_IS_CALLING_OUT_TO_AN_OBSERVER__+0xc
C  [CoreFoundation+0x101b4]  _CFXNotificationPost+0xc44
C  [Foundation+0x2ea1]  -[NSNotificationCenter postNotificationName:object:userInfo:]+0x42
C  [AppKit+0x362dee]  -[NSApplication _reactToScreenInvalidationImmediately:]+0x17b
C  [AppKit+0x362c2d]  __44-[NSApplication _reactToScreenInvalidation:]_block_invoke+0x4b
C  [CoreFoundation+0x8054c]  __CFRUNLOOP_IS_CALLING_OUT_TO_A_BLOCK__+0xc
C  [CoreFoundation+0x72655]  __CFRunLoopDoBlocks+0x155
C  [CoreFoundation+0x72196]  __CFRunLoopRun+0x716
C  [CoreFoundation+0x71838]  CFRunLoopRunSpecific+0x128
C  [java+0x56cc]  CreateExecutionEnvironment+0x367
C  [java+0x165c]  JLI_Launch+0x7a0
C  [java+0x768a]  main+0x65
C  [java+0xeb4]  start+0x34


---------------  P R O C E S S  ---------------

VM state:not at safepoint (normal execution)

VM Mutex/Monitor currently owned by a thread: None

Heap:
 PSYoungGen      total 38400K, used 32865K [0x0000000795580000, 0x0000000798000000, 0x00000007c0000000)
  eden space 33280K, 86% used [0x0000000795580000,0x000000079718c7a0,0x0000000797600000)
  from space 5120K, 80% used [0x0000000797600000,0x0000000797a0c030,0x0000000797b00000)
  to   space 5120K, 0% used [0x0000000797b00000,0x0000000797b00000,0x0000000798000000)
 ParOldGen       total 87552K, used 80K [0x0000000740000000, 0x0000000745580000, 0x0000000795580000)
  object space 87552K, 0% used [0x0000000740000000,0x0000000740014010,0x0000000745580000)
 Metaspace       used 19635K, capacity 20838K, committed 20992K, reserved 1067008K
  class space    used 2835K, capacity 3062K, committed 3072K, reserved 1048576K

Card table byte_map: [0x00000001145df000,0x00000001149e0000] byte_map_base: 0x0000000110bdf000

Marking Bits: (ParMarkBitMap*) 0x0000000104a9d390
 Begin Bits: [0x0000000115097000, 0x0000000117097000)
 End Bits:   [0x0000000117097000, 0x0000000119097000)

Polling page: 0x00000001039b7000

CodeCache: size=245760Kb used=7167Kb max_used=7178Kb free=238593Kb
 bounds [0x000000010521f000, 0x000000010592f000, 0x000000011421f000]
 total_blobs=2974 nmethods=2328 adapters=560
 compilation: enabled

Compilation events (10 events):
Event: 11.008 Thread 0x00007ff7cc819000 2325       3       com.sun.glass.ui.mac.MacTouchInputSupport::notifyBeginTouchEvent (24 bytes)
Event: 11.008 Thread 0x00007ff7cc819000 nmethod 2325 0x000000010591f9d0 code [0x000000010591fb40, 0x000000010591fd48]
Event: 11.008 Thread 0x00007ff7cc819000 2326       3       com.sun.glass.ui.mac.MacGestureSupport::notifyEndTouchEvent (8 bytes)
Event: 11.008 Thread 0x00007ff7cc819000 nmethod 2326 0x000000010591f650 code [0x000000010591f7c0, 0x000000010591f948]
Event: 11.464 Thread 0x00007ff7cc819000 2327       3       java.util.concurrent.LinkedBlockingDeque::unlinkFirst (74 bytes)
Event: 11.465 Thread 0x00007ff7cc819000 nmethod 2327 0x000000010591ecd0 code [0x000000010591ee80, 0x000000010591f3e8]
Event: 11.474 Thread 0x00007ff7cc819000 2328       3       java.lang.invoke.MethodHandles$Lookup::findStatic (27 bytes)
Event: 11.474 Thread 0x00007ff7cc819000 nmethod 2328 0x000000010591e650 code [0x000000010591e7e0, 0x000000010591eb88]
Event: 11.474 Thread 0x00007ff7cc819000 2329       3       java.lang.invoke.MemberName::isCallerSensitive (7 bytes)
Event: 11.475 Thread 0x00007ff7cc819000 nmethod 2329 0x000000010591e190 code [0x000000010591e300, 0x000000010591e570]

GC Heap History (2 events):
Event: 1.267 GC heap before
{Heap before GC invocations=1 (full 0):
 PSYoungGen      total 38400K, used 33280K [0x0000000795580000, 0x0000000798000000, 0x00000007c0000000)
  eden space 33280K, 100% used [0x0000000795580000,0x0000000797600000,0x0000000797600000)
  from space 5120K, 0% used [0x0000000797b00000,0x0000000797b00000,0x0000000798000000)
  to   space 5120K, 0% used [0x0000000797600000,0x0000000797600000,0x0000000797b00000)
 ParOldGen       total 87552K, used 0K [0x0000000740000000, 0x0000000745580000, 0x0000000795580000)
  object space 87552K, 0% used [0x0000000740000000,0x0000000740000000,0x0000000745580000)
 Metaspace       used 13384K, capacity 14002K, committed 14208K, reserved 1060864K
  class space    used 1970K, capacity 2080K, committed 2176K, reserved 1048576K
Event: 1.274 GC heap after
Heap after GC invocations=1 (full 0):
 PSYoungGen      total 38400K, used 4144K [0x0000000795580000, 0x0000000798000000, 0x00000007c0000000)
  eden space 33280K, 0% used [0x0000000795580000,0x0000000795580000,0x0000000797600000)
  from space 5120K, 80% used [0x0000000797600000,0x0000000797a0c030,0x0000000797b00000)
  to   space 5120K, 0% used [0x0000000797b00000,0x0000000797b00000,0x0000000798000000)
 ParOldGen       total 87552K, used 80K [0x0000000740000000, 0x0000000745580000, 0x0000000795580000)
  object space 87552K, 0% used [0x0000000740000000,0x0000000740014010,0x0000000745580000)
 Metaspace       used 13384K, capacity 14002K, committed 14208K, reserved 1060864K
  class space    used 1970K, capacity 2080K, committed 2176K, reserved 1048576K
}

Deoptimization events (10 events):
Event: 3.519 Thread 0x00007ff7cc096800 Uncommon trap: reason=class_check action=maybe_recompile pc=0x0000000105595d80 method=java.util.HashMap.putVal(ILjava/lang/Object;Ljava/lang/Object;ZZ)Ljava/lang/Object; @ 253
Event: 3.519 Thread 0x00007ff7cc096800 Uncommon trap: reason=class_check action=maybe_recompile pc=0x0000000105595d80 method=java.util.HashMap.putVal(ILjava/lang/Object;Ljava/lang/Object;ZZ)Ljava/lang/Object; @ 253
Event: 3.519 Thread 0x00007ff7cc096800 Uncommon trap: reason=class_check action=maybe_recompile pc=0x0000000105595d80 method=java.util.HashMap.putVal(ILjava/lang/Object;Ljava/lang/Object;ZZ)Ljava/lang/Object; @ 253
Event: 3.645 Thread 0x00007ff7cc096800 Uncommon trap: reason=bimorphic action=maybe_recompile pc=0x00000001057bdb6c method=java.util.HashMap.putVal(ILjava/lang/Object;Ljava/lang/Object;ZZ)Ljava/lang/Object; @ 203
Event: 3.646 Thread 0x00007ff7cc096800 Uncommon trap: reason=bimorphic action=maybe_recompile pc=0x00000001057bdb6c method=java.util.HashMap.putVal(ILjava/lang/Object;Ljava/lang/Object;ZZ)Ljava/lang/Object; @ 203
Event: 3.646 Thread 0x00007ff7cc096800 Uncommon trap: reason=bimorphic action=maybe_recompile pc=0x00000001057bdb6c method=java.util.HashMap.putVal(ILjava/lang/Object;Ljava/lang/Object;ZZ)Ljava/lang/Object; @ 203
Event: 3.649 Thread 0x00007ff7cc096800 Uncommon trap: reason=bimorphic action=maybe_recompile pc=0x00000001057bdb6c method=java.util.HashMap.putVal(ILjava/lang/Object;Ljava/lang/Object;ZZ)Ljava/lang/Object; @ 203
Event: 3.703 Thread 0x00007ff7cc096800 Uncommon trap: reason=unreached action=reinterpret pc=0x00000001055efda0 method=java.util.zip.ZipCoder.decoder()Ljava/nio/charset/CharsetDecoder; @ 4
Event: 5.056 Thread 0x00007ff7cb978800 Uncommon trap: reason=class_check action=maybe_recompile pc=0x000000010575a480 method=java.util.WeakHashMap.eq(Ljava/lang/Object;Ljava/lang/Object;)Z @ 7
Event: 5.056 Thread 0x00007ff7cb978800 Uncommon trap: reason=class_check action=maybe_recompile pc=0x000000010575a480 method=java.util.WeakHashMap.eq(Ljava/lang/Object;Ljava/lang/Object;)Z @ 7

Internal exceptions (10 events):
Event: 4.091 Thread 0x00007ff7cc096800 Exception <a 'java/security/PrivilegedActionException'> (0x0000000796fd4900) thrown at [/HUDSON3/workspace/8-2-build-macosx-x86_64/jdk8u25/1514/hotspot/src/share/vm/prims/jvm.cpp, line 1312]
Event: 4.092 Thread 0x00007ff7cc096800 Exception <a 'java/security/PrivilegedActionException'> (0x0000000796ffb948) thrown at [/HUDSON3/workspace/8-2-build-macosx-x86_64/jdk8u25/1514/hotspot/src/share/vm/prims/jvm.cpp, line 1312]
Event: 4.092 Thread 0x00007ff7cc096800 Exception <a 'java/security/PrivilegedActionException'> (0x0000000797000c30) thrown at [/HUDSON3/workspace/8-2-build-macosx-x86_64/jdk8u25/1514/hotspot/src/share/vm/prims/jvm.cpp, line 1312]
Event: 4.092 Thread 0x00007ff7cc096800 Exception <a 'java/security/PrivilegedActionException'> (0x0000000797005ba8) thrown at [/HUDSON3/workspace/8-2-build-macosx-x86_64/jdk8u25/1514/hotspot/src/share/vm/prims/jvm.cpp, line 1312]
Event: 4.093 Thread 0x00007ff7cc096800 Exception <a 'java/security/PrivilegedActionException'> (0x000000079700ac08) thrown at [/HUDSON3/workspace/8-2-build-macosx-x86_64/jdk8u25/1514/hotspot/src/share/vm/prims/jvm.cpp, line 1312]
Event: 4.093 Thread 0x00007ff7cc096800 Exception <a 'java/security/PrivilegedActionException'> (0x000000079700fef8) thrown at [/HUDSON3/workspace/8-2-build-macosx-x86_64/jdk8u25/1514/hotspot/src/share/vm/prims/jvm.cpp, line 1312]
Event: 4.093 Thread 0x00007ff7cc096800 Exception <a 'java/security/PrivilegedActionException'> (0x0000000797014fc8) thrown at [/HUDSON3/workspace/8-2-build-macosx-x86_64/jdk8u25/1514/hotspot/src/share/vm/prims/jvm.cpp, line 1312]
Event: 4.094 Thread 0x00007ff7cc096800 Exception <a 'java/security/PrivilegedActionException'> (0x000000079701a220) thrown at [/HUDSON3/workspace/8-2-build-macosx-x86_64/jdk8u25/1514/hotspot/src/share/vm/prims/jvm.cpp, line 1312]
Event: 5.030 Thread 0x00007ff7cc096800 Exception <a 'java/lang/reflect/InvocationTargetException'> (0x0000000797035358) thrown at [/HUDSON3/workspace/8-2-build-macosx-x86_64/jdk8u25/1514/hotspot/src/share/vm/runtime/reflection.cpp, line 1080]
Event: 5.030 Thread 0x00007ff7cc096800 Exception <a 'java/lang/RuntimeException'> (0x00000007970359e8) thrown at [/HUDSON3/workspace/8-2-build-macosx-x86_64/jdk8u25/1514/hotspot/src/share/vm/prims/jvm.cpp, line 1316]

Events (10 events):
Event: 11.474 loading class javafx/application/Application done
Event: 11.476 loading class com/sun/javafx/tk/quantum/QuantumRenderer
Event: 11.476 loading class com/sun/javafx/tk/quantum/QuantumRenderer done
Event: 11.476 loading class com/sun/javafx/tk/quantum/QuantumToolkit
Event: 11.476 loading class com/sun/javafx/tk/quantum/QuantumToolkit done
Event: 11.476 Thread 0x00007ff7cb978800 Thread exited: 0x00007ff7cb978800
Event: 11.476 Thread 0x00007ff7cc992000 Thread exited: 0x00007ff7cc992000
Event: 11.476 Thread 0x00007ff7cb00e800 Thread exited: 0x00007ff7cb00e800
Event: 11.476 Thread 0x00007ff7cb00e800 Thread added: 0x00007ff7cb00e800
Event: 11.476 Thread 0x00007ff7cc096800 Thread exited: 0x00007ff7cc096800


Dynamic libraries:
0x0000000008154000 	/System/Library/Frameworks/Cocoa.framework/Versions/A/Cocoa
0x0000000008154000 	/System/Library/Frameworks/Security.framework/Versions/A/Security
0x0000000008154000 	/System/Library/Frameworks/ApplicationServices.framework/Versions/A/ApplicationServices
0x0000000008154000 	/usr/lib/libz.1.dylib
0x0000000008154000 	/usr/lib/libSystem.B.dylib
0x0000000008154000 	/usr/lib/libobjc.A.dylib
0x0000000008154000 	/System/Library/Frameworks/CoreFoundation.framework/Versions/A/CoreFoundation
0x0000000008154000 	/System/Library/Frameworks/Foundation.framework/Versions/C/Foundation
0x0000000008154000 	/System/Library/Frameworks/AppKit.framework/Versions/C/AppKit
0x0000000008154000 	/System/Library/Frameworks/CoreData.framework/Versions/A/CoreData
0x0000000008154000 	/System/Library/PrivateFrameworks/RemoteViewServices.framework/Versions/A/RemoteViewServices
0x0000000008154000 	/System/Library/PrivateFrameworks/UIFoundation.framework/Versions/A/UIFoundation
0x0000000008154000 	/System/Library/Frameworks/IOSurface.framework/Versions/A/IOSurface
0x0000000008154000 	/System/Library/Frameworks/AudioToolbox.framework/Versions/A/AudioToolbox
0x0000000008154000 	/System/Library/Frameworks/AudioUnit.framework/Versions/A/AudioUnit
0x0000000008154000 	/System/Library/PrivateFrameworks/DataDetectorsCore.framework/Versions/A/DataDetectorsCore
0x0000000008154000 	/System/Library/PrivateFrameworks/DesktopServicesPriv.framework/Versions/A/DesktopServicesPriv
0x0000000008154000 	/System/Library/Frameworks/Carbon.framework/Versions/A/Frameworks/HIToolbox.framework/Versions/A/HIToolbox
0x0000000008154000 	/System/Library/Frameworks/QuartzCore.framework/Versions/A/QuartzCore
0x0000000008154000 	/System/Library/Frameworks/Carbon.framework/Versions/A/Frameworks/SpeechRecognition.framework/Versions/A/SpeechRecognition
0x0000000008154000 	/usr/lib/libauto.dylib
0x0000000008154000 	/usr/lib/libicucore.A.dylib
0x0000000008154000 	/usr/lib/libxml2.2.dylib
0x0000000008154000 	/System/Library/PrivateFrameworks/CoreUI.framework/Versions/A/CoreUI
0x0000000008154000 	/System/Library/Frameworks/CoreAudio.framework/Versions/A/CoreAudio
0x0000000008154000 	/System/Library/Frameworks/DiskArbitration.framework/Versions/A/DiskArbitration
0x0000000008154000 	/usr/lib/liblangid.dylib
0x0000000008154000 	/System/Library/PrivateFrameworks/MultitouchSupport.framework/Versions/A/MultitouchSupport
0x0000000008154000 	/System/Library/Frameworks/IOKit.framework/Versions/A/IOKit
0x0000000008154000 	/usr/lib/libDiagnosticMessagesClient.dylib
0x0000000008154000 	/System/Library/Frameworks/CoreServices.framework/Versions/A/CoreServices
0x0000000008154000 	/System/Library/PrivateFrameworks/PerformanceAnalysis.framework/Versions/A/PerformanceAnalysis
0x0000000008154000 	/System/Library/PrivateFrameworks/GenerationalStorage.framework/Versions/A/GenerationalStorage
0x0000000008154000 	/System/Library/Frameworks/OpenGL.framework/Versions/A/OpenGL
0x0000000008154000 	/System/Library/PrivateFrameworks/Sharing.framework/Versions/A/Sharing
0x0000000008154000 	/System/Library/Frameworks/CoreGraphics.framework/Versions/A/CoreGraphics
0x0000000008154000 	/System/Library/Frameworks/CoreText.framework/Versions/A/CoreText
0x0000000008154000 	/System/Library/Frameworks/ImageIO.framework/Versions/A/ImageIO
0x0000000008154000 	/usr/lib/libextension.dylib
0x0000000008154000 	/System/Library/PrivateFrameworks/Backup.framework/Versions/A/Backup
0x0000000008154000 	/usr/lib/libarchive.2.dylib
0x0000000008154000 	/System/Library/Frameworks/CFNetwork.framework/Versions/A/CFNetwork
0x0000000008154000 	/System/Library/Frameworks/SystemConfiguration.framework/Versions/A/SystemConfiguration
0x0000000008154000 	/usr/lib/libCRFSuite.dylib
0x0000000008154000 	/usr/lib/libc++.1.dylib
0x0000000008154000 	/usr/lib/libc++abi.dylib
0x0000000008154000 	/usr/lib/system/libcache.dylib
0x0000000008154000 	/usr/lib/system/libcommonCrypto.dylib
0x0000000008154000 	/usr/lib/system/libcompiler_rt.dylib
0x0000000008154000 	/usr/lib/system/libcopyfile.dylib
0x0000000008154000 	/usr/lib/system/libcorecrypto.dylib
0x0000000008154000 	/usr/lib/system/libdispatch.dylib
0x0000000008154000 	/usr/lib/system/libdyld.dylib
0x0000000008154000 	/usr/lib/system/libkeymgr.dylib
0x0000000008154000 	/usr/lib/system/liblaunch.dylib
0x0000000008154000 	/usr/lib/system/libmacho.dylib
0x0000000008154000 	/usr/lib/system/libquarantine.dylib
0x0000000008154000 	/usr/lib/system/libremovefile.dylib
0x0000000008154000 	/usr/lib/system/libsystem_asl.dylib
0x0000000008154000 	/usr/lib/system/libsystem_blocks.dylib
0x0000000008154000 	/usr/lib/system/libsystem_c.dylib
0x0000000008154000 	/usr/lib/system/libsystem_configuration.dylib
0x0000000008154000 	/usr/lib/system/libsystem_coreservices.dylib
0x0000000008154000 	/usr/lib/system/libsystem_coretls.dylib
0x0000000008154000 	/usr/lib/system/libsystem_dnssd.dylib
0x0000000008154000 	/usr/lib/system/libsystem_info.dylib
0x0000000008154000 	/usr/lib/system/libsystem_kernel.dylib
0x0000000008154000 	/usr/lib/system/libsystem_m.dylib
0x0000000008154000 	/usr/lib/system/libsystem_malloc.dylib
0x0000000008154000 	/usr/lib/system/libsystem_network.dylib
0x0000000008154000 	/usr/lib/system/libsystem_networkextension.dylib
0x0000000008154000 	/usr/lib/system/libsystem_notify.dylib
0x0000000008154000 	/usr/lib/system/libsystem_platform.dylib
0x0000000008154000 	/usr/lib/system/libsystem_pthread.dylib
0x0000000008154000 	/usr/lib/system/libsystem_sandbox.dylib
0x0000000008154000 	/usr/lib/system/libsystem_secinit.dylib
0x0000000008154000 	/usr/lib/system/libsystem_stats.dylib
0x0000000008154000 	/usr/lib/system/libsystem_trace.dylib
0x0000000008154000 	/usr/lib/system/libunc.dylib
0x0000000008154000 	/usr/lib/system/libunwind.dylib
0x0000000008154000 	/usr/lib/system/libxpc.dylib
0x0000000008154000 	/usr/lib/libbz2.1.0.dylib
0x0000000008154000 	/usr/lib/liblzma.5.dylib
0x0000000008154000 	/usr/lib/libbsm.0.dylib
0x0000000008154000 	/usr/lib/libsqlite3.dylib
0x0000000008154000 	/usr/lib/system/libkxld.dylib
0x0000000008154000 	/usr/lib/libxar.1.dylib
0x0000000008154000 	/usr/lib/libpam.2.dylib
0x0000000008154000 	/usr/lib/libOpenScriptingUtil.dylib
0x0000000008154000 	/System/Library/Frameworks/CoreServices.framework/Versions/A/Frameworks/FSEvents.framework/Versions/A/FSEvents
0x0000000008154000 	/System/Library/Frameworks/CoreServices.framework/Versions/A/Frameworks/CarbonCore.framework/Versions/A/CarbonCore
0x0000000008154000 	/System/Library/Frameworks/CoreServices.framework/Versions/A/Frameworks/Metadata.framework/Versions/A/Metadata
0x0000000008154000 	/System/Library/Frameworks/CoreServices.framework/Versions/A/Frameworks/OSServices.framework/Versions/A/OSServices
0x0000000008154000 	/System/Library/Frameworks/CoreServices.framework/Versions/A/Frameworks/SearchKit.framework/Versions/A/SearchKit
0x0000000008154000 	/System/Library/Frameworks/CoreServices.framework/Versions/A/Frameworks/AE.framework/Versions/A/AE
0x0000000008154000 	/System/Library/Frameworks/CoreServices.framework/Versions/A/Frameworks/LaunchServices.framework/Versions/A/LaunchServices
0x0000000008154000 	/System/Library/Frameworks/CoreServices.framework/Versions/A/Frameworks/DictionaryServices.framework/Versions/A/DictionaryServices
0x0000000008154000 	/System/Library/Frameworks/NetFS.framework/Versions/A/NetFS
0x0000000008154000 	/System/Library/PrivateFrameworks/NetAuth.framework/Versions/A/NetAuth
0x0000000008154000 	/System/Library/PrivateFrameworks/login.framework/Versions/A/Frameworks/loginsupport.framework/Versions/A/loginsupport
0x0000000008154000 	/System/Library/PrivateFrameworks/TCC.framework/Versions/A/TCC
0x0000000008154000 	/usr/lib/libmecabra.dylib
0x0000000008154000 	/System/Library/PrivateFrameworks/LanguageModeling.framework/Versions/A/LanguageModeling
0x0000000008154000 	/usr/lib/libcmph.dylib
0x0000000008154000 	/usr/lib/libiconv.2.dylib
0x0000000008154000 	/System/Library/Frameworks/OpenDirectory.framework/Versions/A/Frameworks/CFOpenDirectory.framework/Versions/A/CFOpenDirectory
0x0000000008154000 	/System/Library/Frameworks/ServiceManagement.framework/Versions/A/ServiceManagement
0x0000000008154000 	/usr/lib/libxslt.1.dylib
0x0000000008154000 	/System/Library/Frameworks/Carbon.framework/Versions/A/Frameworks/Ink.framework/Versions/A/Ink
0x0000000008154000 	/System/Library/Frameworks/ApplicationServices.framework/Versions/A/Frameworks/ATS.framework/Versions/A/ATS
0x0000000008154000 	/System/Library/Frameworks/ApplicationServices.framework/Versions/A/Frameworks/ColorSync.framework/Versions/A/ColorSync
0x0000000008154000 	/System/Library/Frameworks/ApplicationServices.framework/Versions/A/Frameworks/HIServices.framework/Versions/A/HIServices
0x0000000008154000 	/System/Library/Frameworks/ApplicationServices.framework/Versions/A/Frameworks/LangAnalysis.framework/Versions/A/LangAnalysis
0x0000000008154000 	/System/Library/Frameworks/ApplicationServices.framework/Versions/A/Frameworks/PrintCore.framework/Versions/A/PrintCore
0x0000000008154000 	/System/Library/Frameworks/ApplicationServices.framework/Versions/A/Frameworks/QD.framework/Versions/A/QD
0x0000000008154000 	/System/Library/Frameworks/ApplicationServices.framework/Versions/A/Frameworks/SpeechSynthesis.framework/Versions/A/SpeechSynthesis
0x0000000008154000 	/System/Library/Frameworks/Accelerate.framework/Versions/A/Accelerate
0x0000000008154000 	/System/Library/Frameworks/Accelerate.framework/Versions/A/Frameworks/vImage.framework/Versions/A/vImage
0x0000000008154000 	/System/Library/Frameworks/Accelerate.framework/Versions/A/Frameworks/vecLib.framework/Versions/A/vecLib
0x0000000008154000 	/System/Library/Frameworks/Accelerate.framework/Versions/A/Frameworks/vecLib.framework/Versions/A/libvDSP.dylib
0x0000000008154000 	/System/Library/Frameworks/Accelerate.framework/Versions/A/Frameworks/vecLib.framework/Versions/A/libvMisc.dylib
0x0000000008154000 	/System/Library/Frameworks/Accelerate.framework/Versions/A/Frameworks/vecLib.framework/Versions/A/libLAPACK.dylib
0x0000000008154000 	/System/Library/Frameworks/Accelerate.framework/Versions/A/Frameworks/vecLib.framework/Versions/A/libBLAS.dylib
0x0000000008154000 	/System/Library/Frameworks/Accelerate.framework/Versions/A/Frameworks/vecLib.framework/Versions/A/libLinearAlgebra.dylib
0x0000000008154000 	/System/Library/Frameworks/ApplicationServices.framework/Versions/A/Frameworks/ATS.framework/Versions/A/Resources/libFontParser.dylib
0x0000000008154000 	/System/Library/Frameworks/ApplicationServices.framework/Versions/A/Frameworks/ATS.framework/Versions/A/Resources/libFontRegistry.dylib
0x0000000008154000 	/System/Library/PrivateFrameworks/AppleVPA.framework/Versions/A/AppleVPA
0x0000000008154000 	/System/Library/PrivateFrameworks/AppleJPEG.framework/Versions/A/AppleJPEG
0x0000000008154000 	/System/Library/Frameworks/ImageIO.framework/Versions/A/Resources/libJPEG.dylib
0x0000000008154000 	/System/Library/Frameworks/ImageIO.framework/Versions/A/Resources/libTIFF.dylib
0x0000000008154000 	/System/Library/Frameworks/ImageIO.framework/Versions/A/Resources/libPng.dylib
0x0000000008154000 	/System/Library/Frameworks/ImageIO.framework/Versions/A/Resources/libGIF.dylib
0x0000000008154000 	/System/Library/Frameworks/ImageIO.framework/Versions/A/Resources/libJP2.dylib
0x0000000008154000 	/System/Library/Frameworks/ImageIO.framework/Versions/A/Resources/libRadiance.dylib
0x0000000008154000 	/System/Library/Frameworks/CoreVideo.framework/Versions/A/CoreVideo
0x0000000008154000 	/System/Library/Frameworks/OpenGL.framework/Versions/A/Libraries/libGLU.dylib
0x0000000008154000 	/System/Library/Frameworks/OpenGL.framework/Versions/A/Libraries/libGFXShared.dylib
0x0000000008154000 	/System/Library/Frameworks/OpenGL.framework/Versions/A/Libraries/libGL.dylib
0x0000000008154000 	/System/Library/Frameworks/OpenGL.framework/Versions/A/Libraries/libGLImage.dylib
0x0000000008154000 	/System/Library/Frameworks/OpenGL.framework/Versions/A/Libraries/libCVMSPluginSupport.dylib
0x0000000008154000 	/System/Library/Frameworks/OpenGL.framework/Versions/A/Libraries/libCoreVMClient.dylib
0x0000000008154000 	/usr/lib/libcups.2.dylib
0x0000000008154000 	/System/Library/Frameworks/Kerberos.framework/Versions/A/Kerberos
0x0000000008154000 	/System/Library/Frameworks/GSS.framework/Versions/A/GSS
0x0000000008154000 	/usr/lib/libresolv.9.dylib
0x0000000008154000 	/System/Library/PrivateFrameworks/Heimdal.framework/Versions/A/Heimdal
0x0000000008154000 	/usr/lib/libheimdal-asn1.dylib
0x0000000008154000 	/System/Library/Frameworks/OpenDirectory.framework/Versions/A/OpenDirectory
0x0000000008154000 	/System/Library/PrivateFrameworks/CommonAuth.framework/Versions/A/CommonAuth
0x0000000008154000 	/System/Library/Frameworks/SecurityFoundation.framework/Versions/A/SecurityFoundation
0x0000000008154000 	/System/Library/Frameworks/QuartzCore.framework/Versions/A/Frameworks/CoreImage.framework/Versions/A/CoreImage
0x0000000008154000 	/System/Library/PrivateFrameworks/CrashReporterSupport.framework/Versions/A/CrashReporterSupport
0x0000000008154000 	/System/Library/Frameworks/OpenCL.framework/Versions/A/OpenCL
0x0000000008154000 	/System/Library/PrivateFrameworks/FaceCore.framework/Versions/A/FaceCore
0x0000000008154000 	/System/Library/PrivateFrameworks/Ubiquity.framework/Versions/A/Ubiquity
0x0000000008154000 	/System/Library/PrivateFrameworks/IconServices.framework/Versions/A/IconServices
0x0000000008154000 	/System/Library/PrivateFrameworks/ChunkingLibrary.framework/Versions/A/ChunkingLibrary
0x0000000008154000 	/System/Library/PrivateFrameworks/Apple80211.framework/Versions/A/Apple80211
0x0000000008154000 	/System/Library/Frameworks/CoreWLAN.framework/Versions/A/CoreWLAN
0x0000000008154000 	/System/Library/Frameworks/IOBluetooth.framework/Versions/A/IOBluetooth
0x0000000008154000 	/System/Library/PrivateFrameworks/CoreWiFi.framework/Versions/A/CoreWiFi
0x0000000008154000 	/System/Library/Frameworks/CoreBluetooth.framework/Versions/A/CoreBluetooth
0x0000000008154000 	/System/Library/PrivateFrameworks/DebugSymbols.framework/Versions/A/DebugSymbols
0x0000000008154000 	/System/Library/PrivateFrameworks/CoreSymbolication.framework/Versions/A/CoreSymbolication
0x0000000008154000 	/System/Library/PrivateFrameworks/Symbolication.framework/Versions/A/Symbolication
0x0000000008154000 	/System/Library/PrivateFrameworks/SpeechRecognitionCore.framework/Versions/A/SpeechRecognitionCore
0x0000000104200000 	/Library/Java/JavaVirtualMachines/jdk1.8.0_25.jdk/Contents/Home/jre/lib/server/libjvm.dylib
0x0000000008154000 	/usr/lib/libstdc++.6.dylib
0x0000000103975000 	/Library/Java/JavaVirtualMachines/jdk1.8.0_25.jdk/Contents/Home/jre/lib/libverify.dylib
0x0000000103983000 	/Library/Java/JavaVirtualMachines/jdk1.8.0_25.jdk/Contents/Home/jre/lib/libjava.dylib
0x00000001039c1000 	/Library/Java/JavaVirtualMachines/jdk1.8.0_25.jdk/Contents/Home/jre/lib/libzip.dylib
0x000000011b26b000 	/System/Library/Frameworks/JavaVM.framework/Frameworks/JavaRuntimeSupport.framework/JavaRuntimeSupport
0x000000011b283000 	/System/Library/Frameworks/JavaVM.framework/Versions/A/Frameworks/JavaNativeFoundation.framework/Versions/A/JavaNativeFoundation
0x00000001039f3000 	/System/Library/Frameworks/JavaVM.framework/Versions/A/JavaVM
0x0000000008154000 	/System/Library/Frameworks/Carbon.framework/Versions/A/Carbon
0x000000011b298000 	/System/Library/PrivateFrameworks/JavaLaunching.framework/Versions/A/JavaLaunching
0x0000000008154000 	/System/Library/Frameworks/Carbon.framework/Versions/A/Frameworks/CommonPanels.framework/Versions/A/CommonPanels
0x0000000008154000 	/System/Library/Frameworks/Carbon.framework/Versions/A/Frameworks/Help.framework/Versions/A/Help
0x0000000008154000 	/System/Library/Frameworks/Carbon.framework/Versions/A/Frameworks/ImageCapture.framework/Versions/A/ImageCapture
0x0000000008154000 	/System/Library/Frameworks/Carbon.framework/Versions/A/Frameworks/OpenScripting.framework/Versions/A/OpenScripting
0x0000000008154000 	/System/Library/Frameworks/Carbon.framework/Versions/A/Frameworks/Print.framework/Versions/A/Print
0x0000000008154000 	/System/Library/Frameworks/Carbon.framework/Versions/A/Frameworks/SecurityHI.framework/Versions/A/SecurityHI
0x000000011d282000 	/Library/Java/JavaVirtualMachines/jdk1.8.0_25.jdk/Contents/Home/jre/lib/libprism_es2.dylib
0x0000000008154000 	/System/Library/Frameworks/OpenGL.framework/Versions/A/Resources/GLEngine.bundle/GLEngine
0x0000000008154000 	/System/Library/Frameworks/OpenGL.framework/Versions/A/Libraries/libGLProgrammability.dylib
0x0000000000000000 	/System/Library/Extensions/AppleIntelHD5000GraphicsGLDriver.bundle/Contents/MacOS/AppleIntelHD5000GraphicsGLDriver
0x0000000008154000 	/System/Library/PrivateFrameworks/IOAccelerator.framework/Versions/A/IOAccelerator
0x0000000008154000 	/System/Library/PrivateFrameworks/GPUSupport.framework/Versions/A/Libraries/libGPUSupportMercury.dylib
0x0000000008154000 	/System/Library/Frameworks/OpenGL.framework/Versions/A/Resources/GLRendererFloat.bundle/GLRendererFloat
0x0000000008154000 	/System/Library/Frameworks/OpenCL.framework/Versions/A/Libraries/libcldcpuengine.dylib
0x0000000008154000 	/System/Library/PrivateFrameworks/DiskImages.framework/Versions/A/DiskImages
0x0000000008154000 	/System/Library/Frameworks/DiscRecording.framework/Versions/A/DiscRecording
0x0000000008154000 	/usr/lib/libcsfde.dylib
0x0000000008154000 	/usr/lib/libcurl.4.dylib
0x0000000008154000 	/System/Library/PrivateFrameworks/MediaKit.framework/Versions/A/MediaKit
0x0000000008154000 	/System/Library/PrivateFrameworks/ProtectedCloudStorage.framework/Versions/A/ProtectedCloudStorage
0x0000000008154000 	/usr/lib/libCoreStorage.dylib
0x0000000008154000 	/System/Library/PrivateFrameworks/EFILogin.framework/Versions/A/EFILogin
0x0000000008154000 	/usr/lib/libutil.dylib
0x0000000008154000 	/System/Library/PrivateFrameworks/FindMyDevice.framework/Versions/A/FindMyDevice
0x0000000008154000 	/System/Library/Frameworks/LDAP.framework/Versions/A/LDAP
0x0000000008154000 	/usr/lib/libsasl2.2.dylib
0x0000000008154000 	/System/Library/PrivateFrameworks/CoreDaemon.framework/Versions/B/CoreDaemon
0x0000000008154000 	/usr/lib/libcrypto.0.9.8.dylib
0x0000000008154000 	/System/Library/PrivateFrameworks/AppleSRP.framework/Versions/A/AppleSRP
0x0000000008154000 	/System/Library/PrivateFrameworks/TrustEvaluationAgent.framework/Versions/A/TrustEvaluationAgent
0x000000011d72f000 	/Library/Java/JavaVirtualMachines/jdk1.8.0_25.jdk/Contents/Home/jre/lib/libglass.dylib
0x0000000008154000 	/System/Library/PrivateFrameworks/CoreServicesInternal.framework/Versions/A/CoreServicesInternal
0x0000000008154000 	/System/Library/PrivateFrameworks/CloudDocs.framework/Versions/A/CloudDocs
0x0000000008154000 	/System/Library/PrivateFrameworks/CoreDuet.framework/Versions/A/CoreDuet
0x0000000008154000 	/System/Library/Frameworks/CloudKit.framework/Versions/A/CloudKit
0x0000000008154000 	/System/Library/PrivateFrameworks/ProtocolBuffer.framework/Versions/A/ProtocolBuffer
0x0000000008154000 	/System/Library/PrivateFrameworks/CoreDuetDaemonProtocol.framework/Versions/A/CoreDuetDaemonProtocol
0x0000000008154000 	/System/Library/PrivateFrameworks/CoreDuetDebugLogging.framework/Versions/A/CoreDuetDebugLogging
0x0000000008154000 	/System/Library/Frameworks/CoreLocation.framework/Versions/A/CoreLocation
0x0000000008154000 	/System/Library/Frameworks/Accounts.framework/Versions/A/Accounts
0x0000000008154000 	/System/Library/PrivateFrameworks/ApplePushService.framework/Versions/A/ApplePushService
0x0000000008154000 	/System/Library/PrivateFrameworks/GeoServices.framework/Versions/A/GeoServices
0x0000000008154000 	/System/Library/PrivateFrameworks/OAuth.framework/Versions/A/OAuth
0x0000000008154000 	/System/Library/Frameworks/CoreGraphics.framework/Versions/A/Resources/libCGCMS.A.dylib
0x0000000008154000 	/System/Library/CoreServices/RawCamera.bundle/Contents/MacOS/RawCamera
0x0000000008154000 	/System/Library/Frameworks/CoreGraphics.framework/Versions/A/Resources/libRIP.A.dylib
0x0000000008154000 	/System/Library/PrivateFrameworks/FamilyControls.framework/Versions/A/FamilyControls
0x0000000008154000 	/System/Library/PrivateFrameworks/CommerceKit.framework/Versions/A/Frameworks/CommerceCore.framework/Versions/A/CommerceCore
0x0000000008154000 	/System/Library/PrivateFrameworks/SystemAdministration.framework/Versions/A/SystemAdministration
0x0000000008154000 	/System/Library/PrivateFrameworks/AppContainer.framework/Versions/A/AppContainer
0x0000000008154000 	/System/Library/PrivateFrameworks/SecCodeWrapper.framework/Versions/A/SecCodeWrapper
0x0000000008154000 	/System/Library/Frameworks/DirectoryService.framework/Versions/A/DirectoryService
0x0000000008154000 	/System/Library/PrivateFrameworks/LoginUIKit.framework/Versions/A/Frameworks/LoginUICore.framework/Versions/A/LoginUICore
0x0000000008154000 	/usr/lib/libodfde.dylib
0x0000000120dd2000 	/Library/Java/JavaVirtualMachines/jdk1.8.0_25.jdk/Contents/Home/jre/lib/libjavafx_font.dylib
0x0000000008154000 	/System/Library/Frameworks/CoreGraphics.framework/Versions/A/Resources/libCGXType.A.dylib
0x0000000120f32000 	cl_kernels
0x0000000123578000 	/System/Library/Frameworks/OpenCL.framework/Versions/A/Libraries/ImageFormats/unorm8_bgra.dylib
0x0000000120f36000 	cl_kernels
0x0000000123f38000 	/Library/Java/JavaVirtualMachines/jdk1.8.0_25.jdk/Contents/Home/jre/lib/libprism_common.dylib
0x000000011ece8000 	/Library/Java/JavaVirtualMachines/jdk1.8.0_25.jdk/Contents/Home/jre/lib/libnet.dylib
0x000000011eea7000 	/Library/Java/JavaVirtualMachines/jdk1.8.0_25.jdk/Contents/Home/jre/lib/libsunec.dylib

VM Arguments:
jvm_args: -Dfile.encoding=UTF-8 
java_command: sshgui.SSHGui
java_class_path (initial): /Users/connorimrie/Dropbox/Personal Software Development/SSHGui/SSHGui/bin:/Users/connorimrie/Dropbox/Personal Software Development/SSHGui/SSHGui/jsch-0.1.51.jar
Launcher Type: SUN_STANDARD

Environment Variables:
PATH=/usr/bin:/bin:/usr/sbin:/sbin
SHELL=/bin/bash

Signal Handlers:
SIGSEGV: [libjvm.dylib+0x579dc7], sa_mask[0]=11111111011111110111111111111111, sa_flags=SA_ONSTACK|SA_RESTART|SA_SIGINFO
SIGBUS: [libjvm.dylib+0x579dc7], sa_mask[0]=11111111011111110111111111111111, sa_flags=SA_RESTART|SA_SIGINFO
SIGFPE: [libjvm.dylib+0x45b030], sa_mask[0]=11111111011111110111111111111111, sa_flags=SA_RESTART|SA_SIGINFO
SIGPIPE: [libjvm.dylib+0x45b030], sa_mask[0]=11111111011111110111111111111111, sa_flags=SA_RESTART|SA_SIGINFO
SIGXFSZ: [libjvm.dylib+0x45b030], sa_mask[0]=11111111011111110111111111111111, sa_flags=SA_RESTART|SA_SIGINFO
SIGILL: [libjvm.dylib+0x45b030], sa_mask[0]=11111111011111110111111111111111, sa_flags=SA_RESTART|SA_SIGINFO
SIGUSR1: SIG_DFL, sa_mask[0]=00000000000000000000000000000000, sa_flags=none
SIGUSR2: [libjvm.dylib+0x45ab4e], sa_mask[0]=00100000000000000000000000000000, sa_flags=SA_RESTART|SA_SIGINFO
SIGHUP: [libjvm.dylib+0x459121], sa_mask[0]=11111111011111110111111111111111, sa_flags=SA_RESTART|SA_SIGINFO
SIGINT: [libjvm.dylib+0x459121], sa_mask[0]=11111111011111110111111111111111, sa_flags=SA_RESTART|SA_SIGINFO
SIGTERM: [libjvm.dylib+0x459121], sa_mask[0]=11111111011111110111111111111111, sa_flags=SA_RESTART|SA_SIGINFO
SIGQUIT: [libjvm.dylib+0x459121], sa_mask[0]=11111111011111110111111111111111, sa_flags=SA_RESTART|SA_SIGINFO


---------------  S Y S T E M  ---------------

OS:Bsduname:Darwin 14.0.0 Darwin Kernel Version 14.0.0: Fri Sep 19 00:26:44 PDT 2014; root:xnu-2782.1.97~2/RELEASE_X86_64 x86_64
rlimit: STACK 8192k, CORE 0k, NPROC 709, NOFILE 10240, AS infinity
load average:1.42 1.70 1.72

CPU:total 4 (2 cores per cpu, 2 threads per core) family 6 model 69 stepping 1, cmov, cx8, fxsr, mmx, sse, sse2, sse3, ssse3, sse4.1, sse4.2, popcnt, avx, avx2, aes, clmul, erms, rtm, lzcnt, ht, tsc, tscinvbit, bmi1, bmi2

Memory: 4k page, physical 8388608k(169568k free)

/proc/meminfo:


vm_info: Java HotSpot(TM) 64-Bit Server VM (25.25-b02) for bsd-amd64 JRE (1.8.0_25-b17), built on Sep 17 2014 16:56:50 by "java_re" with gcc 4.2.1 (Based on Apple Inc. build 5658) (LLVM build 2336.11.00)

time: Sun Feb 15 23:36:32 2015
elapsed time: 13 seconds (0d 0h 0m 13s)

